Performing C SOURCE FILE Test CMAKE_HAVE_LIBC_PTHREAD failed with the following output:
Change Dir: /home/julian/CLionProjects/Algo2-labos/ejercitacion_templates_corregida/ejercitacion_templates_corregida/cmake-build-debug/CMakeFiles/CMakeTmp

Run Build Command(s):/usr/bin/gmake -f Makefile cmTC_5eff1/fast && /usr/bin/gmake  -f CMakeFiles/cmTC_5eff1.dir/build.make CMakeFiles/cmTC_5eff1.dir/build
gmake[1]: se entra en el directorio '/home/julian/CLionProjects/Algo2-labos/ejercitacion_templates_corregida/ejercitacion_templates_corregida/cmake-build-debug/CMakeFiles/CMakeTmp'
Building C object CMakeFiles/cmTC_5eff1.dir/src.c.o
/usr/bin/cc -DCMAKE_HAVE_LIBC_PTHREAD   -o CMakeFiles/cmTC_5eff1.dir/src.c.o -c /home/julian/CLionProjects/Algo2-labos/ejercitacion_templates_corregida/ejercitacion_templates_corregida/cmake-build-debug/CMakeFiles/CMakeTmp/src.c
Linking C executable cmTC_5eff1
/opt/clion-2020.2.4/bin/cmake/linux/bin/cmake -E cmake_link_script CMakeFiles/cmTC_5eff1.dir/link.txt --verbose=1
/usr/bin/cc -rdynamic CMakeFiles/cmTC_5eff1.dir/src.c.o -o cmTC_5eff1 
/usr/bin/ld: CMakeFiles/cmTC_5eff1.dir/src.c.o: en la función `main':
src.c:(.text+0x46): referencia a `pthread_create' sin definir
/usr/bin/ld: src.c:(.text+0x52): referencia a `pthread_detach' sin definir
/usr/bin/ld: src.c:(.text+0x5e): referencia a `pthread_cancel' sin definir
/usr/bin/ld: src.c:(.text+0x6f): referencia a `pthread_join' sin definir
collect2: error: ld returned 1 exit status
gmake[1]: *** [CMakeFiles/cmTC_5eff1.dir/build.make:99: cmTC_5eff1] Error 1
gmake[1]: se sale del directorio '/home/julian/CLionProjects/Algo2-labos/ejercitacion_templates_corregida/ejercitacion_templates_corregida/cmake-build-debug/CMakeFiles/CMakeTmp'
gmake: *** [Makefile:127: cmTC_5eff1/fast] Error 2


Source file was:
#include <pthread.h>

static void* test_func(void* data)
{
  return data;
}

int main(void)
{
  pthread_t thread;
  pthread_create(&thread, NULL, test_func, NULL);
  pthread_detach(thread);
  pthread_cancel(thread);
  pthread_join(thread, NULL);
  pthread_atfork(NULL, NULL, NULL);
  pthread_exit(NULL);

  return 0;
}

Determining if the function pthread_create exists in the pthreads failed with the following output:
Change Dir: /home/julian/CLionProjects/Algo2-labos/ejercitacion_templates_corregida/ejercitacion_templates_corregida/cmake-build-debug/CMakeFiles/CMakeTmp

Run Build Command(s):/usr/bin/gmake -f Makefile cmTC_26046/fast && /usr/bin/gmake  -f CMakeFiles/cmTC_26046.dir/build.make CMakeFiles/cmTC_26046.dir/build
gmake[1]: se entra en el directorio '/home/julian/CLionProjects/Algo2-labos/ejercitacion_templates_corregida/ejercitacion_templates_corregida/cmake-build-debug/CMakeFiles/CMakeTmp'
Building C object CMakeFiles/cmTC_26046.dir/CheckFunctionExists.c.o
/usr/bin/cc   -DCHECK_FUNCTION_EXISTS=pthread_create -o CMakeFiles/cmTC_26046.dir/CheckFunctionExists.c.o -c /opt/clion-2020.2.4/bin/cmake/linux/share/cmake-3.20/Modules/CheckFunctionExists.c
Linking C executable cmTC_26046
/opt/clion-2020.2.4/bin/cmake/linux/bin/cmake -E cmake_link_script CMakeFiles/cmTC_26046.dir/link.txt --verbose=1
/usr/bin/cc  -DCHECK_FUNCTION_EXISTS=pthread_create -rdynamic CMakeFiles/cmTC_26046.dir/CheckFunctionExists.c.o -o cmTC_26046  -lpthreads 
/usr/bin/ld: no se puede encontrar -lpthreads
collect2: error: ld returned 1 exit status
gmake[1]: *** [CMakeFiles/cmTC_26046.dir/build.make:99: cmTC_26046] Error 1
gmake[1]: se sale del directorio '/home/julian/CLionProjects/Algo2-labos/ejercitacion_templates_corregida/ejercitacion_templates_corregida/cmake-build-debug/CMakeFiles/CMakeTmp'
gmake: *** [Makefile:127: cmTC_26046/fast] Error 2



